<?xml version="1.0" encoding="UTF-8"?>
<beans xmlns="http://www.springframework.org/schema/beans"
       xmlns:xsi="http://www.w3.org/2001/XMLSchema-instance"
       xsi:schemaLocation="http://www.springframework.org/schema/beans http://www.springframework.org/schema/beans/spring-beans.xsd">

    <import resource="classpath:/conf/gateway-channel-mongo.xml"/>

    <bean class="com.ohayoyo.spring.config.mongo.SimpleMongoConfig" />

    <bean class="com.ohayoyo.spring.config.profile.ProfileConfig"/>

</beans>